# JRE version: OpenJDK Runtime Environment (8.0_202-b26) (build 1.8.0_202-b26)
# Java VM: OpenJDK 64-Bit Server VM (25.202-b26 mixed mode linux-amd64 compressed oops)
Heap:
 PSYoungGen      total 197120K, used 89709K [0x00000000d7200000, 0x00000000e4f80000, 0x0000000100000000)
  eden space 184832K, 48% used [0x00000000d7200000,0x00000000dc99b760,0x00000000e2680000)
  from space 12288K, 0% used [0x00000000e3380000,0x00000000e3380000,0x00000000e3f80000)
  to   space 13312K, 0% used [0x00000000e2680000,0x00000000e2680000,0x00000000e3380000)
 ParOldGen       total 97280K, used 20591K [0x0000000085600000, 0x000000008b500000, 0x00000000d7200000)
  object space 97280K, 21% used [0x0000000085600000,0x0000000086a1bc38,0x000000008b500000)
 Metaspace       used 42957K, capacity 43780K, committed 44288K, reserved 1087488K
  class space    used 5012K, capacity 5253K, committed 5376K, reserved 1048576K
GC Heap History (10 events):
Event: 2.148 GC heap before
{Heap before GC invocations=6 (full 0):
 PSYoungGen      total 68608K, used 30927K [0x00000000d7200000, 0x00000000e0300000, 0x0000000100000000)
  eden space 63488K, 40% used [0x00000000d7200000,0x00000000d8b33d08,0x00000000db000000)
  from space 5120K, 100% used [0x00000000db000000,0x00000000db500000,0x00000000db500000)
  to   space 10752K, 0% used [0x00000000df880000,0x00000000df880000,0x00000000e0300000)
 ParOldGen       total 84992K, used 10622K [0x0000000085600000, 0x000000008a900000, 0x00000000d7200000)
  object space 84992K, 12% used [0x0000000085600000,0x000000008605f960,0x000000008a900000)
 Metaspace       used 20688K, capacity 21094K, committed 21248K, reserved 1069056K
  class space    used 2346K, capacity 2459K, committed 2560K, reserved 1048576K
Event: 2.156 GC heap after
Heap after GC invocations=6 (full 0):
 PSYoungGen      total 137728K, used 8005K [0x00000000d7200000, 0x00000000e0300000, 0x0000000100000000)
  eden space 126976K, 0% used [0x00000000d7200000,0x00000000d7200000,0x00000000dee00000)
  from space 10752K, 74% used [0x00000000df880000,0x00000000e0051460,0x00000000e0300000)
  to   space 10752K, 0% used [0x00000000dee00000,0x00000000dee00000,0x00000000df880000)
 ParOldGen       total 84992K, used 10694K [0x0000000085600000, 0x000000008a900000, 0x00000000d7200000)
  object space 84992K, 12% used [0x0000000085600000,0x0000000086071970,0x000000008a900000)
 Metaspace       used 20688K, capacity 21094K, committed 21248K, reserved 1069056K
  class space    used 2346K, capacity 2459K, committed 2560K, reserved 1048576K
}
Event: 2.156 GC heap before
{Heap before GC invocations=7 (full 1):
 PSYoungGen      total 137728K, used 8005K [0x00000000d7200000, 0x00000000e0300000, 0x0000000100000000)
  eden space 126976K, 0% used [0x00000000d7200000,0x00000000d7200000,0x00000000dee00000)
  from space 10752K, 74% used [0x00000000df880000,0x00000000e0051460,0x00000000e0300000)
  to   space 10752K, 0% used [0x00000000dee00000,0x00000000dee00000,0x00000000df880000)
 ParOldGen       total 84992K, used 10694K [0x0000000085600000, 0x000000008a900000, 0x00000000d7200000)
  object space 84992K, 12% used [0x0000000085600000,0x0000000086071970,0x000000008a900000)
 Metaspace       used 20688K, capacity 21094K, committed 21248K, reserved 1069056K
  class space    used 2346K, capacity 2459K, committed 2560K, reserved 1048576K
Event: 2.199 GC heap after
Heap after GC invocations=7 (full 1):
 PSYoungGen      total 137728K, used 0K [0x00000000d7200000, 0x00000000e0300000, 0x0000000100000000)
  eden space 126976K, 0% used [0x00000000d7200000,0x00000000d7200000,0x00000000dee00000)
  from space 10752K, 0% used [0x00000000df880000,0x00000000df880000,0x00000000e0300000)
  to   space 10752K, 0% used [0x00000000dee00000,0x00000000dee00000,0x00000000df880000)
 ParOldGen       total 65536K, used 12102K [0x0000000085600000, 0x0000000089600000, 0x00000000d7200000)
  object space 65536K, 18% used [0x0000000085600000,0x00000000861d19a0,0x0000000089600000)
 Metaspace       used 20688K, capacity 21094K, committed 21248K, reserved 1069056K
  class space    used 2346K, capacity 2459K, committed 2560K, reserved 1048576K
}
Event: 3.268 GC heap before
{Heap before GC invocations=8 (full 1):
 PSYoungGen      total 137728K, used 126976K [0x00000000d7200000, 0x00000000e0300000, 0x0000000100000000)
  eden space 126976K, 100% used [0x00000000d7200000,0x00000000dee00000,0x00000000dee00000)
  from space 10752K, 0% used [0x00000000df880000,0x00000000df880000,0x00000000e0300000)
  to   space 10752K, 0% used [0x00000000dee00000,0x00000000dee00000,0x00000000df880000)
 ParOldGen       total 65536K, used 12102K [0x0000000085600000, 0x0000000089600000, 0x00000000d7200000)
  object space 65536K, 18% used [0x0000000085600000,0x00000000861d19a0,0x0000000089600000)
 Metaspace       used 30974K, capacity 31532K, committed 31872K, reserved 1077248K
  class space    used 3684K, capacity 3852K, committed 3968K, reserved 1048576K
Event: 3.277 GC heap after
Heap after GC invocations=8 (full 1):
 PSYoungGen      total 137728K, used 10735K [0x00000000d7200000, 0x00000000e3f80000, 0x0000000100000000)
  eden space 126976K, 0% used [0x00000000d7200000,0x00000000d7200000,0x00000000dee00000)
  from space 10752K, 99% used [0x00000000dee00000,0x00000000df87bd90,0x00000000df880000)
  to   space 12288K, 0% used [0x00000000e3380000,0x00000000e3380000,0x00000000e3f80000)
 ParOldGen       total 65536K, used 13331K [0x0000000085600000, 0x0000000089600000, 0x00000000d7200000)
  object space 65536K, 20% used [0x0000000085600000,0x0000000086304c08,0x0000000089600000)
 Metaspace       used 30974K, capacity 31532K, committed 31872K, reserved 1077248K
  class space    used 3684K, capacity 3852K, committed 3968K, reserved 1048576K
}
Event: 3.550 GC heap before
{Heap before GC invocations=9 (full 1):
 PSYoungGen      total 137728K, used 48323K [0x00000000d7200000, 0x00000000e3f80000, 0x0000000100000000)
  eden space 126976K, 29% used [0x00000000d7200000,0x00000000d96b5170,0x00000000dee00000)
  from space 10752K, 99% used [0x00000000dee00000,0x00000000df87bd90,0x00000000df880000)
  to   space 12288K, 0% used [0x00000000e3380000,0x00000000e3380000,0x00000000e3f80000)
 ParOldGen       total 65536K, used 13331K [0x0000000085600000, 0x0000000089600000, 0x00000000d7200000)
  object space 65536K, 20% used [0x0000000085600000,0x0000000086304c08,0x0000000089600000)
 Metaspace       used 34590K, capacity 35090K, committed 35416K, reserved 1081344K
  class space    used 4129K, capacity 4269K, committed 4352K, reserved 1048576K
Event: 3.565 GC heap after
Heap after GC invocations=9 (full 1):
 PSYoungGen      total 197120K, used 10748K [0x00000000d7200000, 0x00000000e4f80000, 0x0000000100000000)
  eden space 184832K, 0% used [0x00000000d7200000,0x00000000d7200000,0x00000000e2680000)
  from space 12288K, 87% used [0x00000000e3380000,0x00000000e3dff2f8,0x00000000e3f80000)
  to   space 13312K, 0% used [0x00000000e2680000,0x00000000e2680000,0x00000000e3380000)
 ParOldGen       total 65536K, used 13347K [0x0000000085600000, 0x0000000089600000, 0x00000000d7200000)
  object space 65536K, 20% used [0x0000000085600000,0x0000000086308c20,0x0000000089600000)
 Metaspace       used 34590K, capacity 35090K, committed 35416K, reserved 1081344K
  class space    used 4129K, capacity 4269K, committed 4352K, reserved 1048576K
}
Event: 3.565 GC heap before
{Heap before GC invocations=10 (full 2):
 PSYoungGen      total 197120K, used 10748K [0x00000000d7200000, 0x00000000e4f80000, 0x0000000100000000)
  eden space 184832K, 0% used [0x00000000d7200000,0x00000000d7200000,0x00000000e2680000)
  from space 12288K, 87% used [0x00000000e3380000,0x00000000e3dff2f8,0x00000000e3f80000)
  to   space 13312K, 0% used [0x00000000e2680000,0x00000000e2680000,0x00000000e3380000)
 ParOldGen       total 65536K, used 13347K [0x0000000085600000, 0x0000000089600000, 0x00000000d7200000)
  object space 65536K, 20% used [0x0000000085600000,0x0000000086308c20,0x0000000089600000)
 Metaspace       used 34590K, capacity 35090K, committed 35416K, reserved 1081344K
  class space    used 4129K, capacity 4269K, committed 4352K, reserved 1048576K
Event: 3.608 GC heap after
Heap after GC invocations=10 (full 2):
 PSYoungGen      total 197120K, used 0K [0x00000000d7200000, 0x00000000e4f80000, 0x0000000100000000)
  eden space 184832K, 0% used [0x00000000d7200000,0x00000000d7200000,0x00000000e2680000)
  from space 12288K, 0% used [0x00000000e3380000,0x00000000e3380000,0x00000000e3f80000)
  to   space 13312K, 0% used [0x00000000e2680000,0x00000000e2680000,0x00000000e3380000)
 ParOldGen       total 97280K, used 20591K [0x0000000085600000, 0x000000008b500000, 0x00000000d7200000)
  object space 97280K, 21% used [0x0000000085600000,0x0000000086a1bc38,0x000000008b500000)
 Metaspace       used 34590K, capacity 35090K, committed 35416K, reserved 1081344K
  class space    used 4129K, capacity 4269K, committed 4352K, reserved 1048576K
}

