# JRE version: Java(TM) SE Runtime Environment (7.0_80-b15) (build 1.7.0_80-b15)
# Java VM: Java HotSpot(TM) 64-Bit Server VM (24.80-b11 mixed mode linux-amd64 compressed oops)
Heap
 PSYoungGen      total 146944K, used 45910K [0x00000007acb00000, 0x00000007b7500000, 0x0000000800000000)
  eden space 127488K, 20% used [0x00000007acb00000,0x00000007ae4da9d8,0x00000007b4780000)
  from space 19456K, 99% used [0x00000007b5d00000,0x00000007b6ffb160,0x00000007b7000000)
  to   space 22016K, 0% used [0x00000007b4780000,0x00000007b4780000,0x00000007b5d00000)
 ParOldGen       total 170496K, used 14732K [0x0000000706200000, 0x0000000710880000, 0x00000007acb00000)
  object space 170496K, 8% used [0x0000000706200000,0x00000007070630e0,0x0000000710880000)
 PSPermGen       total 39424K, used 39153K [0x0000000701000000, 0x0000000703680000, 0x0000000706200000)
  object space 39424K, 99% used [0x0000000701000000,0x000000070363c400,0x0000000703680000)
GC Heap History (10 events):
Event: 2.804 GC heap before
{Heap before GC invocations=2 (full 0):
 PSYoungGen      total 75264K, used 75243K [0x00000007acb00000, 0x00000007b1e80000, 0x0000000800000000)
  eden space 65024K, 100% used [0x00000007acb00000,0x00000007b0a80000,0x00000007b0a80000)
  from space 10240K, 99% used [0x00000007b0a80000,0x00000007b147aec0,0x00000007b1480000)
  to   space 10240K, 0% used [0x00000007b1480000,0x00000007b1480000,0x00000007b1e80000)
 ParOldGen       total 170496K, used 606K [0x0000000706200000, 0x0000000710880000, 0x00000007acb00000)
  object space 170496K, 0% used [0x0000000706200000,0x00000007062979f0,0x0000000710880000)
 PSPermGen       total 21504K, used 15560K [0x0000000701000000, 0x0000000702500000, 0x0000000706200000)
  object space 21504K, 72% used [0x0000000701000000,0x0000000701f323d0,0x0000000702500000)
Event: 2.813 GC heap after
Heap after GC invocations=2 (full 0):
 PSYoungGen      total 75264K, used 9170K [0x00000007acb00000, 0x00000007b1e80000, 0x0000000800000000)
  eden space 65024K, 0% used [0x00000007acb00000,0x00000007acb00000,0x00000007b0a80000)
  from space 10240K, 89% used [0x00000007b1480000,0x00000007b1d74ae0,0x00000007b1e80000)
  to   space 10240K, 0% used [0x00000007b0a80000,0x00000007b0a80000,0x00000007b1480000)
 ParOldGen       total 170496K, used 614K [0x0000000706200000, 0x0000000710880000, 0x00000007acb00000)
  object space 170496K, 0% used [0x0000000706200000,0x00000007062999f0,0x0000000710880000)
 PSPermGen       total 21504K, used 15560K [0x0000000701000000, 0x0000000702500000, 0x0000000706200000)
  object space 21504K, 72% used [0x0000000701000000,0x0000000701f323d0,0x0000000702500000)
}
Event: 5.394 GC heap before
{Heap before GC invocations=3 (full 0):
 PSYoungGen      total 75264K, used 74194K [0x00000007acb00000, 0x00000007b1e80000, 0x0000000800000000)
  eden space 65024K, 100% used [0x00000007acb00000,0x00000007b0a80000,0x00000007b0a80000)
  from space 10240K, 89% used [0x00000007b1480000,0x00000007b1d74ae0,0x00000007b1e80000)
  to   space 10240K, 0% used [0x00000007b0a80000,0x00000007b0a80000,0x00000007b1480000)
 ParOldGen       total 170496K, used 614K [0x0000000706200000, 0x0000000710880000, 0x00000007acb00000)
  object space 170496K, 0% used [0x0000000706200000,0x00000007062999f0,0x0000000710880000)
 PSPermGen       total 21504K, used 19982K [0x0000000701000000, 0x0000000702500000, 0x0000000706200000)
  object space 21504K, 92% used [0x0000000701000000,0x0000000702383a08,0x0000000702500000)
Event: 5.409 GC heap after
Heap after GC invocations=3 (full 0):
 PSYoungGen      total 75264K, used 10231K [0x00000007acb00000, 0x00000007b1e80000, 0x0000000800000000)
  eden space 65024K, 0% used [0x00000007acb00000,0x00000007acb00000,0x00000007b0a80000)
  from space 10240K, 99% used [0x00000007b0a80000,0x00000007b147dcb8,0x00000007b1480000)
  to   space 10240K, 0% used [0x00000007b1480000,0x00000007b1480000,0x00000007b1e80000)
 ParOldGen       total 170496K, used 4830K [0x0000000706200000, 0x0000000710880000, 0x00000007acb00000)
  object space 170496K, 2% used [0x0000000706200000,0x00000007066b7888,0x0000000710880000)
 PSPermGen       total 21504K, used 19982K [0x0000000701000000, 0x0000000702500000, 0x0000000706200000)
  object space 21504K, 92% used [0x0000000701000000,0x0000000702383a08,0x0000000702500000)
}
Event: 6.648 GC heap before
{Heap before GC invocations=4 (full 0):
 PSYoungGen      total 75264K, used 75255K [0x00000007acb00000, 0x00000007b1e80000, 0x0000000800000000)
  eden space 65024K, 100% used [0x00000007acb00000,0x00000007b0a80000,0x00000007b0a80000)
  from space 10240K, 99% used [0x00000007b0a80000,0x00000007b147dcb8,0x00000007b1480000)
  to   space 10240K, 0% used [0x00000007b1480000,0x00000007b1480000,0x00000007b1e80000)
 ParOldGen       total 170496K, used 4830K [0x0000000706200000, 0x0000000710880000, 0x00000007acb00000)
  object space 170496K, 2% used [0x0000000706200000,0x00000007066b7888,0x0000000710880000)
 PSPermGen       total 29696K, used 29210K [0x0000000701000000, 0x0000000702d00000, 0x0000000706200000)
  object space 29696K, 98% used [0x0000000701000000,0x0000000702c86878,0x0000000702d00000)
Event: 6.665 GC heap after
Heap after GC invocations=4 (full 0):
 PSYoungGen      total 75264K, used 10215K [0x00000007acb00000, 0x00000007b1e80000, 0x0000000800000000)
  eden space 65024K, 0% used [0x00000007acb00000,0x00000007acb00000,0x00000007b0a80000)
  from space 10240K, 99% used [0x00000007b1480000,0x00000007b1e79ca8,0x00000007b1e80000)
  to   space 10240K, 0% used [0x00000007b0a80000,0x00000007b0a80000,0x00000007b1480000)
 ParOldGen       total 170496K, used 13077K [0x0000000706200000, 0x0000000710880000, 0x00000007acb00000)
  object space 170496K, 7% used [0x0000000706200000,0x0000000706ec5588,0x0000000710880000)
 PSPermGen       total 29696K, used 29210K [0x0000000701000000, 0x0000000702d00000, 0x0000000706200000)
  object space 29696K, 98% used [0x0000000701000000,0x0000000702c86878,0x0000000702d00000)
}
Event: 7.131 GC heap before
{Heap before GC invocations=5 (full 0):
 PSYoungGen      total 75264K, used 75239K [0x00000007acb00000, 0x00000007b1e80000, 0x0000000800000000)
  eden space 65024K, 100% used [0x00000007acb00000,0x00000007b0a80000,0x00000007b0a80000)
  from space 10240K, 99% used [0x00000007b1480000,0x00000007b1e79ca8,0x00000007b1e80000)
  to   space 10240K, 0% used [0x00000007b0a80000,0x00000007b0a80000,0x00000007b1480000)
 ParOldGen       total 170496K, used 13077K [0x0000000706200000, 0x0000000710880000, 0x00000007acb00000)
  object space 170496K, 7% used [0x0000000706200000,0x0000000706ec5588,0x0000000710880000)
 PSPermGen       total 31744K, used 31368K [0x0000000701000000, 0x0000000702f00000, 0x0000000706200000)
  object space 31744K, 98% used [0x0000000701000000,0x0000000702ea2190,0x0000000702f00000)
Event: 7.147 GC heap after
Heap after GC invocations=5 (full 0):
 PSYoungGen      total 75264K, used 10231K [0x00000007acb00000, 0x00000007b7000000, 0x0000000800000000)
  eden space 65024K, 0% used [0x00000007acb00000,0x00000007acb00000,0x00000007b0a80000)
  from space 10240K, 99% used [0x00000007b0a80000,0x00000007b147dcb8,0x00000007b1480000)
  to   space 19456K, 0% used [0x00000007b5d00000,0x00000007b5d00000,0x00000007b7000000)
 ParOldGen       total 170496K, used 14665K [0x0000000706200000, 0x0000000710880000, 0x00000007acb00000)
  object space 170496K, 8% used [0x0000000706200000,0x0000000707052548,0x0000000710880000)
 PSPermGen       total 31744K, used 31368K [0x0000000701000000, 0x0000000702f00000, 0x0000000706200000)
  object space 31744K, 98% used [0x0000000701000000,0x0000000702ea2190,0x0000000702f00000)
}
Event: 8.088 GC heap before
{Heap before GC invocations=6 (full 0):
 PSYoungGen      total 75264K, used 75255K [0x00000007acb00000, 0x00000007b7000000, 0x0000000800000000)
  eden space 65024K, 100% used [0x00000007acb00000,0x00000007b0a80000,0x00000007b0a80000)
  from space 10240K, 99% used [0x00000007b0a80000,0x00000007b147dcb8,0x00000007b1480000)
  to   space 19456K, 0% used [0x00000007b5d00000,0x00000007b5d00000,0x00000007b7000000)
 ParOldGen       total 170496K, used 14665K [0x0000000706200000, 0x0000000710880000, 0x00000007acb00000)
  object space 170496K, 8% used [0x0000000706200000,0x0000000707052548,0x0000000710880000)
 PSPermGen       total 36352K, used 36162K [0x0000000701000000, 0x0000000703380000, 0x0000000706200000)
  object space 36352K, 99% used [0x0000000701000000,0x0000000703350980,0x0000000703380000)
Event: 8.105 GC heap after
Heap after GC invocations=6 (full 0):
 PSYoungGen      total 146944K, used 19436K [0x00000007acb00000, 0x00000007b7500000, 0x0000000800000000)
  eden space 127488K, 0% used [0x00000007acb00000,0x00000007acb00000,0x00000007b4780000)
  from space 19456K, 99% used [0x00000007b5d00000,0x00000007b6ffb160,0x00000007b7000000)
  to   space 22016K, 0% used [0x00000007b4780000,0x00000007b4780000,0x00000007b5d00000)
 ParOldGen       total 170496K, used 14732K [0x0000000706200000, 0x0000000710880000, 0x00000007acb00000)
  object space 170496K, 8% used [0x0000000706200000,0x00000007070630e0,0x0000000710880000)
 PSPermGen       total 36352K, used 36162K [0x0000000701000000, 0x0000000703380000, 0x0000000706200000)
  object space 36352K, 99% used [0x0000000701000000,0x0000000703350980,0x0000000703380000)
}

