# JRE version: Java(TM) SE Runtime Environment (8.0_191-b12) (build 1.8.0_191-b12)
# Java VM: Java HotSpot(TM) 64-Bit Server VM (25.191-b12 mixed mode linux-amd64 compressed oops)
Heap:
 PSYoungGen      total 138240K, used 20302K [0x000000076cc00000, 0x0000000776e80000, 0x00000007c0000000)
  eden space 130560K, 9% used [0x000000076cc00000,0x000000076d8a9218,0x0000000774b80000)
  from space 7680K, 95% used [0x0000000776700000,0x0000000776e2a8b8,0x0000000776e80000)
  to   space 14336K, 0% used [0x0000000775280000,0x0000000775280000,0x0000000776080000)
 ParOldGen       total 175616K, used 20511K [0x00000006c6400000, 0x00000006d0f80000, 0x000000076cc00000)
  object space 175616K, 11% used [0x00000006c6400000,0x00000006c7807eb8,0x00000006d0f80000)
 Metaspace       used 48402K, capacity 49280K, committed 49624K, reserved 1093632K
  class space    used 5564K, capacity 5810K, committed 5848K, reserved 1048576K
GC Heap History (10 events):
Event: 5.656 GC heap before
{Heap before GC invocations=8 (full 1):
 PSYoungGen      total 108544K, used 38486K [0x000000076cc00000, 0x0000000774500000, 0x00000007c0000000)
  eden space 95232K, 33% used [0x000000076cc00000,0x000000076eb87f40,0x0000000772900000)
  from space 13312K, 46% used [0x0000000773800000,0x0000000773e0dc18,0x0000000774500000)
  to   space 14336K, 0% used [0x0000000772900000,0x0000000772900000,0x0000000773700000)
 ParOldGen       total 108032K, used 11753K [0x00000006c6400000, 0x00000006ccd80000, 0x000000076cc00000)
  object space 108032K, 10% used [0x00000006c6400000,0x00000006c6f7a7a8,0x00000006ccd80000)
 Metaspace       used 34573K, capacity 35074K, committed 35416K, reserved 1081344K
  class space    used 4234K, capacity 4365K, committed 4440K, reserved 1048576K
Event: 5.667 GC heap after
Heap after GC invocations=8 (full 1):
 PSYoungGen      total 109568K, used 10658K [0x000000076cc00000, 0x0000000777500000, 0x00000007c0000000)
  eden space 95232K, 0% used [0x000000076cc00000,0x000000076cc00000,0x0000000772900000)
  from space 14336K, 74% used [0x0000000772900000,0x0000000773368878,0x0000000773700000)
  to   space 14336K, 0% used [0x0000000776700000,0x0000000776700000,0x0000000777500000)
 ParOldGen       total 108032K, used 11761K [0x00000006c6400000, 0x00000006ccd80000, 0x000000076cc00000)
  object space 108032K, 10% used [0x00000006c6400000,0x00000006c6f7c7a8,0x00000006ccd80000)
 Metaspace       used 34573K, capacity 35074K, committed 35416K, reserved 1081344K
  class space    used 4234K, capacity 4365K, committed 4440K, reserved 1048576K
}
Event: 5.667 GC heap before
{Heap before GC invocations=9 (full 2):
 PSYoungGen      total 109568K, used 10658K [0x000000076cc00000, 0x0000000777500000, 0x00000007c0000000)
  eden space 95232K, 0% used [0x000000076cc00000,0x000000076cc00000,0x0000000772900000)
  from space 14336K, 74% used [0x0000000772900000,0x0000000773368878,0x0000000773700000)
  to   space 14336K, 0% used [0x0000000776700000,0x0000000776700000,0x0000000777500000)
 ParOldGen       total 108032K, used 11761K [0x00000006c6400000, 0x00000006ccd80000, 0x000000076cc00000)
  object space 108032K, 10% used [0x00000006c6400000,0x00000006c6f7c7a8,0x00000006ccd80000)
 Metaspace       used 34573K, capacity 35074K, committed 35416K, reserved 1081344K
  class space    used 4234K, capacity 4365K, committed 4440K, reserved 1048576K
Event: 5.765 GC heap after
Heap after GC invocations=9 (full 2):
 PSYoungGen      total 109568K, used 0K [0x000000076cc00000, 0x0000000777500000, 0x00000007c0000000)
  eden space 95232K, 0% used [0x000000076cc00000,0x000000076cc00000,0x0000000772900000)
  from space 14336K, 0% used [0x0000000772900000,0x0000000772900000,0x0000000773700000)
  to   space 14336K, 0% used [0x0000000776700000,0x0000000776700000,0x0000000777500000)
 ParOldGen       total 175616K, used 20471K [0x00000006c6400000, 0x00000006d0f80000, 0x000000076cc00000)
  object space 175616K, 11% used [0x00000006c6400000,0x00000006c77fdea8,0x00000006d0f80000)
 Metaspace       used 34573K, capacity 35074K, committed 35416K, reserved 1081344K
  class space    used 4234K, capacity 4365K, committed 4440K, reserved 1048576K
}
Event: 172.523 GC heap before
{Heap before GC invocations=10 (full 2):
 PSYoungGen      total 109568K, used 95232K [0x000000076cc00000, 0x0000000777500000, 0x00000007c0000000)
  eden space 95232K, 100% used [0x000000076cc00000,0x0000000772900000,0x0000000772900000)
  from space 14336K, 0% used [0x0000000772900000,0x0000000772900000,0x0000000773700000)
  to   space 14336K, 0% used [0x0000000776700000,0x0000000776700000,0x0000000777500000)
 ParOldGen       total 175616K, used 20471K [0x00000006c6400000, 0x00000006d0f80000, 0x000000076cc00000)
  object space 175616K, 11% used [0x00000006c6400000,0x00000006c77fdea8,0x00000006d0f80000)
 Metaspace       used 40330K, capacity 41094K, committed 41432K, reserved 1085440K
  class space    used 4852K, capacity 5077K, committed 5080K, reserved 1048576K
Event: 172.530 GC heap after
Heap after GC invocations=10 (full 2):
 PSYoungGen      total 129536K, used 4392K [0x000000076cc00000, 0x0000000776b80000, 0x00000007c0000000)
  eden space 124928K, 0% used [0x000000076cc00000,0x000000076cc00000,0x0000000774600000)
  from space 4608K, 95% used [0x0000000776700000,0x0000000776b4a200,0x0000000776b80000)
  to   space 14848K, 0% used [0x0000000774e80000,0x0000000774e80000,0x0000000775d00000)
 ParOldGen       total 175616K, used 20495K [0x00000006c6400000, 0x00000006d0f80000, 0x000000076cc00000)
  object space 175616K, 11% used [0x00000006c6400000,0x00000006c7803eb8,0x00000006d0f80000)
 Metaspace       used 40330K, capacity 41094K, committed 41432K, reserved 1085440K
  class space    used 4852K, capacity 5077K, committed 5080K, reserved 1048576K
}
Event: 411.438 GC heap before
{Heap before GC invocations=11 (full 2):
 PSYoungGen      total 129536K, used 129320K [0x000000076cc00000, 0x0000000776b80000, 0x00000007c0000000)
  eden space 124928K, 100% used [0x000000076cc00000,0x0000000774600000,0x0000000774600000)
  from space 4608K, 95% used [0x0000000776700000,0x0000000776b4a200,0x0000000776b80000)
  to   space 14848K, 0% used [0x0000000774e80000,0x0000000774e80000,0x0000000775d00000)
 ParOldGen       total 175616K, used 20495K [0x00000006c6400000, 0x00000006d0f80000, 0x000000076cc00000)
  object space 175616K, 11% used [0x00000006c6400000,0x00000006c7803eb8,0x00000006d0f80000)
 Metaspace       used 44718K, capacity 45546K, committed 46040K, reserved 1089536K
  class space    used 5258K, capacity 5495K, committed 5592K, reserved 1048576K
Event: 411.449 GC heap after
Heap after GC invocations=11 (full 2):
 PSYoungGen      total 148480K, used 8547K [0x000000076cc00000, 0x0000000777500000, 0x00000007c0000000)
  eden space 133632K, 0% used [0x000000076cc00000,0x000000076cc00000,0x0000000774e80000)
  from space 14848K, 57% used [0x0000000774e80000,0x00000007756d8cb0,0x0000000775d00000)
  to   space 14336K, 0% used [0x0000000776700000,0x0000000776700000,0x0000000777500000)
 ParOldGen       total 175616K, used 20503K [0x00000006c6400000, 0x00000006d0f80000, 0x000000076cc00000)
  object space 175616K, 11% used [0x00000006c6400000,0x00000006c7805eb8,0x00000006d0f80000)
 Metaspace       used 44718K, capacity 45546K, committed 46040K, reserved 1089536K
  class space    used 5258K, capacity 5495K, committed 5592K, reserved 1048576K
}
Event: 722.536 GC heap before
{Heap before GC invocations=12 (full 2):
 PSYoungGen      total 148480K, used 142179K [0x000000076cc00000, 0x0000000777500000, 0x00000007c0000000)
  eden space 133632K, 100% used [0x000000076cc00000,0x0000000774e80000,0x0000000774e80000)
  from space 14848K, 57% used [0x0000000774e80000,0x00000007756d8cb0,0x0000000775d00000)
  to   space 14336K, 0% used [0x0000000776700000,0x0000000776700000,0x0000000777500000)
 ParOldGen       total 175616K, used 20503K [0x00000006c6400000, 0x00000006d0f80000, 0x000000076cc00000)
  object space 175616K, 11% used [0x00000006c6400000,0x00000006c7805eb8,0x00000006d0f80000)
 Metaspace       used 48377K, capacity 49216K, committed 49624K, reserved 1093632K
  class space    used 5564K, capacity 5810K, committed 5848K, reserved 1048576K
Event: 722.545 GC heap after
Heap after GC invocations=12 (full 2):
 PSYoungGen      total 138240K, used 7338K [0x000000076cc00000, 0x0000000776e80000, 0x00000007c0000000)
  eden space 130560K, 0% used [0x000000076cc00000,0x000000076cc00000,0x0000000774b80000)
  from space 7680K, 95% used [0x0000000776700000,0x0000000776e2a8b8,0x0000000776e80000)
  to   space 14336K, 0% used [0x0000000775280000,0x0000000775280000,0x0000000776080000)
 ParOldGen       total 175616K, used 20511K [0x00000006c6400000, 0x00000006d0f80000, 0x000000076cc00000)
  object space 175616K, 11% used [0x00000006c6400000,0x00000006c7807eb8,0x00000006d0f80000)
 Metaspace       used 48377K, capacity 49216K, committed 49624K, reserved 1093632K
  class space    used 5564K, capacity 5810K, committed 5848K, reserved 1048576K
}

