# JRE version: Java(TM) SE Runtime Environment (7.0_80-b15) (build 1.7.0_80-b15)
# Java VM: Java HotSpot(TM) 64-Bit Server VM (24.80-b11 mixed mode linux-amd64 compressed oops)
Heap
 PSYoungGen      total 140288K, used 41756K [0x00000007acb00000, 0x00000007bf800000, 0x0000000800000000)
  eden space 130048K, 24% used [0x00000007acb00000,0x00000007ae9cafb8,0x00000007b4a00000)
  from space 10240K, 99% used [0x00000007b4a00000,0x00000007b53fc050,0x00000007b5400000)
  to   space 24064K, 0% used [0x00000007be080000,0x00000007be080000,0x00000007bf800000)
 ParOldGen       total 170496K, used 23787K [0x0000000706200000, 0x0000000710880000, 0x00000007acb00000)
  object space 170496K, 13% used [0x0000000706200000,0x000000070793ad58,0x0000000710880000)
 PSPermGen       total 39424K, used 39137K [0x0000000701000000, 0x0000000703680000, 0x0000000706200000)
  object space 39424K, 99% used [0x0000000701000000,0x00000007036387c0,0x0000000703680000)
GC Heap History (10 events):
Event: 1.492 GC heap before
{Heap before GC invocations=1 (full 0):
 PSYoungGen      total 75264K, used 65024K [0x00000007acb00000, 0x00000007b1e80000, 0x0000000800000000)
  eden space 65024K, 100% used [0x00000007acb00000,0x00000007b0a80000,0x00000007b0a80000)
  from space 10240K, 0% used [0x00000007b1480000,0x00000007b1480000,0x00000007b1e80000)
  to   space 10240K, 0% used [0x00000007b0a80000,0x00000007b0a80000,0x00000007b1480000)
 ParOldGen       total 170496K, used 0K [0x0000000706200000, 0x0000000710880000, 0x00000007acb00000)
  object space 170496K, 0% used [0x0000000706200000,0x0000000706200000,0x0000000710880000)
 PSPermGen       total 21504K, used 12845K [0x0000000701000000, 0x0000000702500000, 0x0000000706200000)
  object space 21504K, 59% used [0x0000000701000000,0x0000000701c8b450,0x0000000702500000)
Event: 1.503 GC heap after
Heap after GC invocations=1 (full 0):
 PSYoungGen      total 75264K, used 10215K [0x00000007acb00000, 0x00000007b1e80000, 0x0000000800000000)
  eden space 65024K, 0% used [0x00000007acb00000,0x00000007acb00000,0x00000007b0a80000)
  from space 10240K, 99% used [0x00000007b0a80000,0x00000007b1479d30,0x00000007b1480000)
  to   space 10240K, 0% used [0x00000007b1480000,0x00000007b1480000,0x00000007b1e80000)
 ParOldGen       total 170496K, used 598K [0x0000000706200000, 0x0000000710880000, 0x00000007acb00000)
  object space 170496K, 0% used [0x0000000706200000,0x0000000706295960,0x0000000710880000)
 PSPermGen       total 21504K, used 12845K [0x0000000701000000, 0x0000000702500000, 0x0000000706200000)
  object space 21504K, 59% used [0x0000000701000000,0x0000000701c8b450,0x0000000702500000)
}
Event: 2.654 GC heap before
{Heap before GC invocations=2 (full 0):
 PSYoungGen      total 75264K, used 75239K [0x00000007acb00000, 0x00000007b1e80000, 0x0000000800000000)
  eden space 65024K, 100% used [0x00000007acb00000,0x00000007b0a80000,0x00000007b0a80000)
  from space 10240K, 99% used [0x00000007b0a80000,0x00000007b1479d30,0x00000007b1480000)
  to   space 10240K, 0% used [0x00000007b1480000,0x00000007b1480000,0x00000007b1e80000)
 ParOldGen       total 170496K, used 598K [0x0000000706200000, 0x0000000710880000, 0x00000007acb00000)
  object space 170496K, 0% used [0x0000000706200000,0x0000000706295960,0x0000000710880000)
 PSPermGen       total 21504K, used 15560K [0x0000000701000000, 0x0000000702500000, 0x0000000706200000)
  object space 21504K, 72% used [0x0000000701000000,0x0000000701f32010,0x0000000702500000)
Event: 2.665 GC heap after
Heap after GC invocations=2 (full 0):
 PSYoungGen      total 75264K, used 9116K [0x00000007acb00000, 0x00000007b1e80000, 0x0000000800000000)
  eden space 65024K, 0% used [0x00000007acb00000,0x00000007acb00000,0x00000007b0a80000)
  from space 10240K, 89% used [0x00000007b1480000,0x00000007b1d67340,0x00000007b1e80000)
  to   space 10240K, 0% used [0x00000007b0a80000,0x00000007b0a80000,0x00000007b1480000)
 ParOldGen       total 170496K, used 606K [0x0000000706200000, 0x0000000710880000, 0x00000007acb00000)
  object space 170496K, 0% used [0x0000000706200000,0x0000000706297960,0x0000000710880000)
 PSPermGen       total 21504K, used 15560K [0x0000000701000000, 0x0000000702500000, 0x0000000706200000)
  object space 21504K, 72% used [0x0000000701000000,0x0000000701f32010,0x0000000702500000)
}
Event: 4.370 GC heap before
{Heap before GC invocations=3 (full 0):
 PSYoungGen      total 75264K, used 74140K [0x00000007acb00000, 0x00000007b1e80000, 0x0000000800000000)
  eden space 65024K, 100% used [0x00000007acb00000,0x00000007b0a80000,0x00000007b0a80000)
  from space 10240K, 89% used [0x00000007b1480000,0x00000007b1d67340,0x00000007b1e80000)
  to   space 10240K, 0% used [0x00000007b0a80000,0x00000007b0a80000,0x00000007b1480000)
 ParOldGen       total 170496K, used 606K [0x0000000706200000, 0x0000000710880000, 0x00000007acb00000)
  object space 170496K, 0% used [0x0000000706200000,0x0000000706297960,0x0000000710880000)
 PSPermGen       total 21504K, used 19984K [0x0000000701000000, 0x0000000702500000, 0x0000000706200000)
  object space 21504K, 92% used [0x0000000701000000,0x00000007023840a8,0x0000000702500000)
Event: 4.409 GC heap after
Heap after GC invocations=3 (full 0):
 PSYoungGen      total 75264K, used 10215K [0x00000007acb00000, 0x00000007b5e00000, 0x0000000800000000)
  eden space 65024K, 0% used [0x00000007acb00000,0x00000007acb00000,0x00000007b0a80000)
  from space 10240K, 99% used [0x00000007b0a80000,0x00000007b1479ca8,0x00000007b1480000)
  to   space 10240K, 0% used [0x00000007b5400000,0x00000007b5400000,0x00000007b5e00000)
 ParOldGen       total 170496K, used 4785K [0x0000000706200000, 0x0000000710880000, 0x00000007acb00000)
  object space 170496K, 2% used [0x0000000706200000,0x00000007066ac570,0x0000000710880000)
 PSPermGen       total 21504K, used 19984K [0x0000000701000000, 0x0000000702500000, 0x0000000706200000)
  object space 21504K, 92% used [0x0000000701000000,0x00000007023840a8,0x0000000702500000)
}
Event: 5.655 GC heap before
{Heap before GC invocations=4 (full 0):
 PSYoungGen      total 75264K, used 75239K [0x00000007acb00000, 0x00000007b5e00000, 0x0000000800000000)
  eden space 65024K, 100% used [0x00000007acb00000,0x00000007b0a80000,0x00000007b0a80000)
  from space 10240K, 99% used [0x00000007b0a80000,0x00000007b1479ca8,0x00000007b1480000)
  to   space 10240K, 0% used [0x00000007b5400000,0x00000007b5400000,0x00000007b5e00000)
 ParOldGen       total 170496K, used 4785K [0x0000000706200000, 0x0000000710880000, 0x00000007acb00000)
  object space 170496K, 2% used [0x0000000706200000,0x00000007066ac570,0x0000000710880000)
 PSPermGen       total 29184K, used 29102K [0x0000000701000000, 0x0000000702c80000, 0x0000000706200000)
  object space 29184K, 99% used [0x0000000701000000,0x0000000702c6bab8,0x0000000702c80000)
Event: 5.675 GC heap after
Heap after GC invocations=4 (full 0):
 PSYoungGen      total 140288K, used 10231K [0x00000007acb00000, 0x00000007b5e00000, 0x0000000800000000)
  eden space 130048K, 0% used [0x00000007acb00000,0x00000007acb00000,0x00000007b4a00000)
  from space 10240K, 99% used [0x00000007b5400000,0x00000007b5dfdcb8,0x00000007b5e00000)
  to   space 10240K, 0% used [0x00000007b4a00000,0x00000007b4a00000,0x00000007b5400000)
 ParOldGen       total 170496K, used 12957K [0x0000000706200000, 0x0000000710880000, 0x00000007acb00000)
  object space 170496K, 7% used [0x0000000706200000,0x0000000706ea7490,0x0000000710880000)
 PSPermGen       total 29184K, used 29102K [0x0000000701000000, 0x0000000702c80000, 0x0000000706200000)
  object space 29184K, 99% used [0x0000000701000000,0x0000000702c6bab8,0x0000000702c80000)
}
Event: 7.192 GC heap before
{Heap before GC invocations=5 (full 0):
 PSYoungGen      total 140288K, used 140279K [0x00000007acb00000, 0x00000007b5e00000, 0x0000000800000000)
  eden space 130048K, 100% used [0x00000007acb00000,0x00000007b4a00000,0x00000007b4a00000)
  from space 10240K, 99% used [0x00000007b5400000,0x00000007b5dfdcb8,0x00000007b5e00000)
  to   space 10240K, 0% used [0x00000007b4a00000,0x00000007b4a00000,0x00000007b5400000)
 ParOldGen       total 170496K, used 12957K [0x0000000706200000, 0x0000000710880000, 0x00000007acb00000)
  object space 170496K, 7% used [0x0000000706200000,0x0000000706ea7490,0x0000000710880000)
 PSPermGen       total 36352K, used 36144K [0x0000000701000000, 0x0000000703380000, 0x0000000706200000)
  object space 36352K, 99% used [0x0000000701000000,0x000000070334c218,0x0000000703380000)
Event: 7.213 GC heap after
Heap after GC invocations=5 (full 0):
 PSYoungGen      total 140288K, used 10224K [0x00000007acb00000, 0x00000007bf800000, 0x0000000800000000)
  eden space 130048K, 0% used [0x00000007acb00000,0x00000007acb00000,0x00000007b4a00000)
  from space 10240K, 99% used [0x00000007b4a00000,0x00000007b53fc050,0x00000007b5400000)
  to   space 24064K, 0% used [0x00000007be080000,0x00000007be080000,0x00000007bf800000)
 ParOldGen       total 170496K, used 23787K [0x0000000706200000, 0x0000000710880000, 0x00000007acb00000)
  object space 170496K, 13% used [0x0000000706200000,0x000000070793ad58,0x0000000710880000)
 PSPermGen       total 36352K, used 36144K [0x0000000701000000, 0x0000000703380000, 0x0000000706200000)
  object space 36352K, 99% used [0x0000000701000000,0x000000070334c218,0x0000000703380000)
}

