# JRE version: Java(TM) SE Runtime Environment (7.0_80-b15) (build 1.7.0_80-b15)
# Java VM: Java HotSpot(TM) 64-Bit Server VM (24.80-b11 mixed mode linux-amd64 compressed oops)
Heap
 PSYoungGen      total 148480K, used 25631K [0x00000007acb00000, 0x00000007b7200000, 0x0000000800000000)
  eden space 129024K, 6% used [0x00000007acb00000,0x00000007ad3c1df8,0x00000007b4900000)
  from space 19456K, 85% used [0x00000007b5d00000,0x00000007b6d45fa0,0x00000007b7000000)
  to   space 20480K, 0% used [0x00000007b4900000,0x00000007b4900000,0x00000007b5d00000)
 ParOldGen       total 170496K, used 15671K [0x0000000706200000, 0x0000000710880000, 0x00000007acb00000)
  object space 170496K, 9% used [0x0000000706200000,0x000000070714dd88,0x0000000710880000)
 PSPermGen       total 38400K, used 37989K [0x0000000701000000, 0x0000000703580000, 0x0000000706200000)
  object space 38400K, 98% used [0x0000000701000000,0x0000000703519500,0x0000000703580000)
GC Heap History (10 events):
Event: 2.685 GC heap before
{Heap before GC invocations=2 (full 0):
 PSYoungGen      total 75264K, used 75246K [0x00000007acb00000, 0x00000007b1e80000, 0x0000000800000000)
  eden space 65024K, 100% used [0x00000007acb00000,0x00000007b0a80000,0x00000007b0a80000)
  from space 10240K, 99% used [0x00000007b0a80000,0x00000007b147b810,0x00000007b1480000)
  to   space 10240K, 0% used [0x00000007b1480000,0x00000007b1480000,0x00000007b1e80000)
 ParOldGen       total 170496K, used 624K [0x0000000706200000, 0x0000000710880000, 0x00000007acb00000)
  object space 170496K, 0% used [0x0000000706200000,0x000000070629c3c0,0x0000000710880000)
 PSPermGen       total 21504K, used 15560K [0x0000000701000000, 0x0000000702500000, 0x0000000706200000)
  object space 21504K, 72% used [0x0000000701000000,0x0000000701f321c0,0x0000000702500000)
Event: 2.694 GC heap after
Heap after GC invocations=2 (full 0):
 PSYoungGen      total 75264K, used 9094K [0x00000007acb00000, 0x00000007b1e80000, 0x0000000800000000)
  eden space 65024K, 0% used [0x00000007acb00000,0x00000007acb00000,0x00000007b0a80000)
  from space 10240K, 88% used [0x00000007b1480000,0x00000007b1d61aa0,0x00000007b1e80000)
  to   space 10240K, 0% used [0x00000007b0a80000,0x00000007b0a80000,0x00000007b1480000)
 ParOldGen       total 170496K, used 632K [0x0000000706200000, 0x0000000710880000, 0x00000007acb00000)
  object space 170496K, 0% used [0x0000000706200000,0x000000070629e3c0,0x0000000710880000)
 PSPermGen       total 21504K, used 15560K [0x0000000701000000, 0x0000000702500000, 0x0000000706200000)
  object space 21504K, 72% used [0x0000000701000000,0x0000000701f321c0,0x0000000702500000)
}
Event: 3.828 GC heap before
{Heap before GC invocations=3 (full 0):
 PSYoungGen      total 75264K, used 74118K [0x00000007acb00000, 0x00000007b1e80000, 0x0000000800000000)
  eden space 65024K, 100% used [0x00000007acb00000,0x00000007b0a80000,0x00000007b0a80000)
  from space 10240K, 88% used [0x00000007b1480000,0x00000007b1d61aa0,0x00000007b1e80000)
  to   space 10240K, 0% used [0x00000007b0a80000,0x00000007b0a80000,0x00000007b1480000)
 ParOldGen       total 170496K, used 632K [0x0000000706200000, 0x0000000710880000, 0x00000007acb00000)
  object space 170496K, 0% used [0x0000000706200000,0x000000070629e3c0,0x0000000710880000)
 PSPermGen       total 23552K, used 23352K [0x0000000701000000, 0x0000000702700000, 0x0000000706200000)
  object space 23552K, 99% used [0x0000000701000000,0x00000007026ce020,0x0000000702700000)
Event: 3.842 GC heap after
Heap after GC invocations=3 (full 0):
 PSYoungGen      total 75264K, used 10232K [0x00000007acb00000, 0x00000007b1e80000, 0x0000000800000000)
  eden space 65024K, 0% used [0x00000007acb00000,0x00000007acb00000,0x00000007b0a80000)
  from space 10240K, 99% used [0x00000007b0a80000,0x00000007b147e078,0x00000007b1480000)
  to   space 10240K, 0% used [0x00000007b1480000,0x00000007b1480000,0x00000007b1e80000)
 ParOldGen       total 170496K, used 4559K [0x0000000706200000, 0x0000000710880000, 0x00000007acb00000)
  object space 170496K, 2% used [0x0000000706200000,0x0000000706673f38,0x0000000710880000)
 PSPermGen       total 23552K, used 23352K [0x0000000701000000, 0x0000000702700000, 0x0000000706200000)
  object space 23552K, 99% used [0x0000000701000000,0x00000007026ce020,0x0000000702700000)
}
Event: 4.417 GC heap before
{Heap before GC invocations=4 (full 0):
 PSYoungGen      total 75264K, used 75256K [0x00000007acb00000, 0x00000007b1e80000, 0x0000000800000000)
  eden space 65024K, 100% used [0x00000007acb00000,0x00000007b0a80000,0x00000007b0a80000)
  from space 10240K, 99% used [0x00000007b0a80000,0x00000007b147e078,0x00000007b1480000)
  to   space 10240K, 0% used [0x00000007b1480000,0x00000007b1480000,0x00000007b1e80000)
 ParOldGen       total 170496K, used 4559K [0x0000000706200000, 0x0000000710880000, 0x00000007acb00000)
  object space 170496K, 2% used [0x0000000706200000,0x0000000706673f38,0x0000000710880000)
 PSPermGen       total 27648K, used 27179K [0x0000000701000000, 0x0000000702b00000, 0x0000000706200000)
  object space 27648K, 98% used [0x0000000701000000,0x0000000702a8af68,0x0000000702b00000)
Event: 4.429 GC heap after
Heap after GC invocations=4 (full 0):
 PSYoungGen      total 75264K, used 10224K [0x00000007acb00000, 0x00000007b5e00000, 0x0000000800000000)
  eden space 65024K, 0% used [0x00000007acb00000,0x00000007acb00000,0x00000007b0a80000)
  from space 10240K, 99% used [0x00000007b1480000,0x00000007b1e7c040,0x00000007b1e80000)
  to   space 10240K, 0% used [0x00000007b0a80000,0x00000007b0a80000,0x00000007b1480000)
 ParOldGen       total 170496K, used 7079K [0x0000000706200000, 0x0000000710880000, 0x00000007acb00000)
  object space 170496K, 4% used [0x0000000706200000,0x00000007068e9de8,0x0000000710880000)
 PSPermGen       total 27648K, used 27179K [0x0000000701000000, 0x0000000702b00000, 0x0000000706200000)
  object space 27648K, 98% used [0x0000000701000000,0x0000000702a8af68,0x0000000702b00000)
}
Event: 5.332 GC heap before
{Heap before GC invocations=5 (full 0):
 PSYoungGen      total 75264K, used 75248K [0x00000007acb00000, 0x00000007b5e00000, 0x0000000800000000)
  eden space 65024K, 100% used [0x00000007acb00000,0x00000007b0a80000,0x00000007b0a80000)
  from space 10240K, 99% used [0x00000007b1480000,0x00000007b1e7c040,0x00000007b1e80000)
  to   space 10240K, 0% used [0x00000007b0a80000,0x00000007b0a80000,0x00000007b1480000)
 ParOldGen       total 170496K, used 7079K [0x0000000706200000, 0x0000000710880000, 0x00000007acb00000)
  object space 170496K, 4% used [0x0000000706200000,0x00000007068e9de8,0x0000000710880000)
 PSPermGen       total 32256K, used 31776K [0x0000000701000000, 0x0000000702f80000, 0x0000000706200000)
  object space 32256K, 98% used [0x0000000701000000,0x0000000702f08310,0x0000000702f80000)
Event: 5.348 GC heap after
Heap after GC invocations=5 (full 0):
 PSYoungGen      total 75264K, used 10224K [0x00000007acb00000, 0x00000007b7000000, 0x0000000800000000)
  eden space 65024K, 0% used [0x00000007acb00000,0x00000007acb00000,0x00000007b0a80000)
  from space 10240K, 99% used [0x00000007b0a80000,0x00000007b147c030,0x00000007b1480000)
  to   space 19456K, 0% used [0x00000007b5d00000,0x00000007b5d00000,0x00000007b7000000)
 ParOldGen       total 170496K, used 15663K [0x0000000706200000, 0x0000000710880000, 0x00000007acb00000)
  object space 170496K, 9% used [0x0000000706200000,0x000000070714bd88,0x0000000710880000)
 PSPermGen       total 32256K, used 31776K [0x0000000701000000, 0x0000000702f80000, 0x0000000706200000)
  object space 32256K, 98% used [0x0000000701000000,0x0000000702f08310,0x0000000702f80000)
}
Event: 13.945 GC heap before
{Heap before GC invocations=6 (full 0):
 PSYoungGen      total 75264K, used 75248K [0x00000007acb00000, 0x00000007b7000000, 0x0000000800000000)
  eden space 65024K, 100% used [0x00000007acb00000,0x00000007b0a80000,0x00000007b0a80000)
  from space 10240K, 99% used [0x00000007b0a80000,0x00000007b147c030,0x00000007b1480000)
  to   space 19456K, 0% used [0x00000007b5d00000,0x00000007b5d00000,0x00000007b7000000)
 ParOldGen       total 170496K, used 15663K [0x0000000706200000, 0x0000000710880000, 0x00000007acb00000)
  object space 170496K, 9% used [0x0000000706200000,0x000000070714bd88,0x0000000710880000)
 PSPermGen       total 37888K, used 37749K [0x0000000701000000, 0x0000000703500000, 0x0000000706200000)
  object space 37888K, 99% used [0x0000000701000000,0x00000007034dd430,0x0000000703500000)
Event: 13.969 GC heap after
Heap after GC invocations=6 (full 0):
 PSYoungGen      total 148480K, used 16663K [0x00000007acb00000, 0x00000007b7200000, 0x0000000800000000)
  eden space 129024K, 0% used [0x00000007acb00000,0x00000007acb00000,0x00000007b4900000)
  from space 19456K, 85% used [0x00000007b5d00000,0x00000007b6d45fa0,0x00000007b7000000)
  to   space 20480K, 0% used [0x00000007b4900000,0x00000007b4900000,0x00000007b5d00000)
 ParOldGen       total 170496K, used 15671K [0x0000000706200000, 0x0000000710880000, 0x00000007acb00000)
  object space 170496K, 9% used [0x0000000706200000,0x000000070714dd88,0x0000000710880000)
 PSPermGen       total 37888K, used 37749K [0x0000000701000000, 0x0000000703500000, 0x0000000706200000)
  object space 37888K, 99% used [0x0000000701000000,0x00000007034dd430,0x0000000703500000)
}

